Build started 7/10/2013 11:45:14 AM.
     1>Project "C:\Users\Kevin\Internship Projects\Security\Security\CSmtp.vcxproj" on node 2 (build target(s)).
     1>InitializeBuildStatus:
         Creating ".\Debug\CSmtp.unsuccessfulbuild" because "AlwaysCreate" was specified.
       ClCompile:
         C:\Program Files (x86)\Microsoft Visual Studio 10.0\VC\bin\CL.exe /c /I"C:\Program Files\Microsoft SDKs\Kinect\v1.7\inc" /I"openssl-0.9.8l\inc32" /ZI /nologo /W3 /WX- /Od /Oy- /D WIN32 /D _DEBUG /D _CONSOLE /D _VC80_UPGRADE=0x0600 /D _MBCS /Gm /EHsc /RTC1 /MTd /GS /fp:precise /Zc:wchar_t /Zc:forScope /Fo".\Debug/" /Fd".\Debug/vc100.pdb" /Gd /TP /analyze- /errorReport:prompt main.cpp /D_CRT_SECURE_NO_WARNINGS 
         main.cpp
       ManifestResourceCompile:
         All outputs are up-to-date.
       Link:
         C:\Program Files (x86)\Microsoft Visual Studio 10.0\VC\bin\link.exe /ERRORREPORT:PROMPT /OUT:".\Debug/CSmtp.exe" /INCREMENTAL /NOLOGO /LIBPATH:"C:\Program Files\Microsoft SDKs\Kinect\v1.7\lib\x86" /LIBPATH:"openssl-0.9.8l\out32" "C:\Program Files\Microsoft SDKs\Kinect\v1.7\lib\x86\Kinect10.lib" kernel32.lib user32.lib gdi32.lib winspool.lib comdlg32.lib advapi32.lib shell32.lib ole32.lib oleaut32.lib uuid.lib odbc32.lib odbccp32.lib /MANIFEST /ManifestFile:".\Debug\CSmtp.exe.intermediate.manifest" /MANIFESTUAC:"level='asInvoker' uiAccess='false'" /DEBUG /PDB:".\Debug/CSmtp.pdb" /SUBSYSTEM:CONSOLE /TLBID:1 /DYNAMICBASE /NXCOMPAT /IMPLIB:".\Debug\CSmtp.lib" /MACHINE:X86 .\Debug\CSmtp.exe.embed.manifest.res
         .\Debug/base64.obj
         .\Debug/CSmtp.obj
         .\Debug/main.obj
         .\Debug/md5.obj
       Manifest:
         C:\Program Files (x86)\Microsoft SDKs\Windows\v7.0A\bin\mt.exe /nologo /verbose /out:".\Debug\CSmtp.exe.embed.manifest" /manifest .\Debug\CSmtp.exe.intermediate.manifest
         All outputs are up-to-date.
       LinkEmbedManifest:
         All outputs are up-to-date.
         CSmtp.vcxproj -> C:\Users\Kevin\Internship Projects\Security\Security\.\Debug\CSmtp.exe
       FinalizeBuildStatus:
         Deleting file ".\Debug\CSmtp.unsuccessfulbuild".
         Touching ".\Debug\CSmtp.lastbuildstate".
     1>Done Building Project "C:\Users\Kevin\Internship Projects\Security\Security\CSmtp.vcxproj" (build target(s)).

Build succeeded.

Time Elapsed 00:00:02.22
