Build started 7/3/2013 3:15:27 PM.
     1>Project "C:\Kinect Project\Security\Security\Security\Security.vcxproj" on node 2 (build target(s)).
     1>InitializeBuildStatus:
         Creating "Debug\Security.unsuccessfulbuild" because "AlwaysCreate" was specified.
       ClCompile:
         c:\Program Files (x86)\Microsoft Visual Studio 10.0\VC\bin\CL.exe /c /I"C:\Program Files\Microsoft SDKs\Kinect\v1.7\inc" /ZI /nologo /W3 /WX- /Od /Oy- /D WIN32 /D _DEBUG /D _CONSOLE /D _UNICODE /D UNICODE /Gm /EHsc /RTC1 /MDd /GS /fp:precise /Zc:wchar_t /Zc:forScope /Fo"Debug\\" /Fd"Debug\vc100.pdb" /Gd /TP /analyze- /errorReport:prompt Security.cpp
         Security.cpp
       Link:
         c:\Program Files (x86)\Microsoft Visual Studio 10.0\VC\bin\link.exe /ERRORREPORT:PROMPT /OUT:"C:\Kinect Project\Security\Security\Debug\Security.exe" /INCREMENTAL:NO /NOLOGO /LIBPATH:"C:\Program Files\Microsoft SDKs\Kinect\v1.7\lib\x86" "C:\Program Files\Microsoft SDKs\Kinect\v1.7\lib\x86\Kinect10.lib" kernel32.lib user32.lib gdi32.lib winspool.lib comdlg32.lib advapi32.lib shell32.lib ole32.lib oleaut32.lib uuid.lib odbc32.lib odbccp32.lib /MANIFEST /ManifestFile:"Debug\Security.exe.intermediate.manifest" /MANIFESTUAC:"level='asInvoker' uiAccess='false'" /DEBUG /PDB:"C:\Kinect Project\Security\Security\Debug\Security.pdb" /SUBSYSTEM:CONSOLE /TLBID:1 /DYNAMICBASE /NXCOMPAT /IMPLIB:"C:\Kinect Project\Security\Security\Debug\Security.lib" /MACHINE:X86 Debug\Security.obj
         Debug\stdafx.obj
     1>Security.obj : warning LNK4075: ignoring '/EDITANDCONTINUE' due to '/INCREMENTAL:NO' specification
         Security.vcxproj -> C:\Kinect Project\Security\Security\Debug\Security.exe
       Manifest:
         C:\Program Files (x86)\Microsoft SDKs\Windows\v7.0A\bin\mt.exe /nologo /verbose /outputresource:"C:\Kinect Project\Security\Security\Debug\Security.exe;#1" /manifest Debug\Security.exe.intermediate.manifest
       FinalizeBuildStatus:
         Deleting file "Debug\Security.unsuccessfulbuild".
         Touching "Debug\Security.lastbuildstate".
     1>Done Building Project "C:\Kinect Project\Security\Security\Security\Security.vcxproj" (build target(s)).

Build succeeded.

Time Elapsed 00:00:01.36
